Executing stage: SOMPZnz @ 2026-06-06 21:11:15.658527
Inserting handle into data store.  spec_data: ../../../../../job/data/hlwas_cosmos_260120_UM_2026_01_22_classic_specmatch.parquet, sompz_nz
column_list None
Inserting handle into data store.  cell_wide_wide_data: .//out/widedata_wide_assignment.hdf5, sompz_nz
Inserting handle into data store.  cell_wide_spec_data: .//out/specdata_wide_assignment.hdf5, sompz_nz
Inserting handle into data store.  cell_deep_spec_data: .//out/specdata_deep_assignment.hdf5, sompz_nz
Inserting handle into data store.  tomo_bins_wide: .//./out/tomo_bins_wide.hdf5, sompz_nz
Inserting handle into data store.  pc_chat: .//./out/pc_chat.hdf5, sompz_nz
Doing Bin-cond
subset of redshift sample in bin: 4181
subset of redshift sample in bin: 4139
subset of redshift sample in bin: 2825
subset of redshift sample in bin: 1545
subset of redshift sample in bin: 1409
subset of redshift sample in bin: 1058
subset of redshift sample in bin: 736
subset of redshift sample in bin: 381
subset of redshift sample in bin: 525
Inserting handle into data store.  nz: out/inprogress_FINAL_NZ.hdf5, sompz_nz
Stage complete: SOMPZnz @ 2026-06-06 21:12:58.500092 took 1.71 minutes
