Executing stage: SOMPZnz @ 2026-06-08 19:07:20.678125
Inserting handle into data store.  spec_data: ../../../../../job/data/hlwas_cosmos_260120_UM_2026_01_22_classic_specmatch.parquet, sompz_nz
column_list None
Inserting handle into data store.  cell_wide_wide_data: .//out/widedata_wide_assignment.hdf5, sompz_nz
Inserting handle into data store.  cell_wide_spec_data: .//out/specdata_wide_assignment.hdf5, sompz_nz
Inserting handle into data store.  cell_deep_spec_data: .//out/specdata_deep_assignment.hdf5, sompz_nz
Inserting handle into data store.  tomo_bins_wide: .//./out/tomo_bins_wide.hdf5, sompz_nz
Inserting handle into data store.  pc_chat: .//./out/pc_chat.hdf5, sompz_nz
Doing Bin-cond
subset of redshift sample in bin: 918
subset of redshift sample in bin: 5031
subset of redshift sample in bin: 5531
subset of redshift sample in bin: 2822
subset of redshift sample in bin: 1344
subset of redshift sample in bin: 295
subset of redshift sample in bin: 456
subset of redshift sample in bin: 288
subset of redshift sample in bin: 114
Inserting handle into data store.  nz: out/inprogress_FINAL_NZ.hdf5, sompz_nz
Stage complete: SOMPZnz @ 2026-06-08 19:10:02.863211 took 2.70 minutes
