Executing stage: SOMPZnz @ 2026-06-10 09:23:46.443618
Inserting handle into data store.  spec_data: ../../../../../job/data/hlwas_cosmos_260120_UM_2026_01_22.parquet, sompz_nz
column_list None
Inserting handle into data store.  cell_wide_wide_data: .//out/widedata_wide_assignment.hdf5, sompz_nz
Inserting handle into data store.  cell_wide_spec_data: .//out/specdata_wide_assignment.hdf5, sompz_nz
Inserting handle into data store.  cell_deep_spec_data: .//out/specdata_deep_assignment.hdf5, sompz_nz
Inserting handle into data store.  tomo_bins_wide: .//./out/tomo_bins_wide.hdf5, sompz_nz
Inserting handle into data store.  pc_chat: .//./out/pc_chat.hdf5, sompz_nz
Doing Bin-cond
subset of redshift sample in bin: 719
subset of redshift sample in bin: 3744
subset of redshift sample in bin: 9991
subset of redshift sample in bin: 8453
subset of redshift sample in bin: 8668
subset of redshift sample in bin: 6692
subset of redshift sample in bin: 4192
subset of redshift sample in bin: 2703
subset of redshift sample in bin: 1669
subset of redshift sample in bin: 668
Inserting handle into data store.  nz: out/inprogress_FINAL_NZ.hdf5, sompz_nz
Stage complete: SOMPZnz @ 2026-06-10 09:26:32.669892 took 2.77 minutes
