Executing stage: SOMPZnz @ 2026-06-08 18:14:52.281703
Inserting handle into data store.  spec_data: ../../../../../job/data/hlwas_cosmos_260120_UM_2026_01_22_classic_specmatch.parquet, sompz_nz
column_list None
Inserting handle into data store.  cell_wide_wide_data: .//out/widedata_wide_assignment.hdf5, sompz_nz
Inserting handle into data store.  cell_wide_spec_data: .//out/specdata_wide_assignment.hdf5, sompz_nz
Inserting handle into data store.  cell_deep_spec_data: .//out/specdata_deep_assignment.hdf5, sompz_nz
Inserting handle into data store.  tomo_bins_wide: .//./out/tomo_bins_wide.hdf5, sompz_nz
Inserting handle into data store.  pc_chat: .//./out/pc_chat.hdf5, sompz_nz
Doing Bin-cond
subset of redshift sample in bin: 651
subset of redshift sample in bin: 3467
subset of redshift sample in bin: 6504
subset of redshift sample in bin: 2616
subset of redshift sample in bin: 1922
subset of redshift sample in bin: 682
subset of redshift sample in bin: 282
subset of redshift sample in bin: 441
subset of redshift sample in bin: 144
subset of redshift sample in bin: 90
Inserting handle into data store.  nz: out/inprogress_FINAL_NZ.hdf5, sompz_nz
Stage complete: SOMPZnz @ 2026-06-08 18:16:51.570221 took 1.99 minutes
